0 silly argv {
0 silly argv   _: [ 'bootstrap' ],
0 silly argv   lernaVersion: '4.0.0',
0 silly argv   '$0': '/Users/thekid/Work/Ultraviolet/apps/GreenCo/node_modules/.bin/lerna'
0 silly argv }
1 notice cli v4.0.0
2 verbose rootPath /Users/thekid/Work/Ultraviolet/apps/GreenCo
3 error JSONError: Unexpected token "<" (0x3C) in JSON at position 1023 while parsing near "...s/mdns\": \"^0.0.34\",\n<<<<<<< HEAD\n\t\t\"@typ..." in packages/green-screen/package.json
3 error
3 error [0m [90m 44 |[39m 		[32m"@types/jest"[39m[33m:[39m [32m"^27.4.0"[39m[33m,[39m[0m
3 error [0m [90m 45 |[39m 		[32m"@types/mdns"[39m[33m:[39m [32m"^0.0.34"[39m[33m,[39m[0m
3 error [0m[31m[1m>[22m[39m[90m 46 |[39m [33m<<[39m[33m<<[39m[33m<<[39m[33m<[39m [33mHEAD[39m[0m
3 error [0m [90m    |[39m [31m[1m^[22m[39m[0m
3 error [0m [90m 47 |[39m 		[32m"@types/node"[39m[33m:[39m [32m"^17.0.18"[39m[33m,[39m[0m
3 error [0m [90m 48 |[39m [33m===[39m[33m===[39m[33m=[39m[0m
3 error [0m [90m 49 |[39m 		[32m"@types/screenshot-desktop"[39m[33m:[39m [32m"^1.12.0"[39m[33m,[39m[0m
3 error
3 error     at parseJson (/Users/thekid/Work/Ultraviolet/apps/GreenCo/node_modules/parse-json/index.js:29:21)
3 error     at parse (/Users/thekid/Work/Ultraviolet/apps/GreenCo/node_modules/load-json-file/index.js:15:9)
3 error     at module.exports (/Users/thekid/Work/Ultraviolet/apps/GreenCo/node_modules/load-json-file/index.js:18:47)
